2024-03-16 15:45:03.572 [info] Log level: Info
2024-03-16 15:45:03.572 [info] Validating found git in: "git"
2024-03-16 15:45:03.572 [info] Using git "2.25.1" from "git"
2024-03-16 15:45:03.618 [info] > git rev-parse --show-toplevel [65ms]
2024-03-16 15:45:03.618 [info] fatal: not a git repository (or any of the parent directories): .git
2024-03-16 15:45:31.487 [info] > git rev-parse --show-toplevel [2ms]
2024-03-16 15:45:31.487 [info] fatal: not a git repository (or any of the parent directories): .git
2024-03-16 15:54:28.938 [info] > git rev-parse --show-toplevel [1ms]
2024-03-16 15:54:28.938 [info] fatal: not a git repository (or any of the parent directories): .git
2024-03-16 15:56:00.516 [info] > git rev-parse --show-toplevel [316ms]
2024-03-16 15:56:00.516 [info] fatal: not a git repository (or any of the parent directories): .git
2024-03-16 16:01:51.190 [info] > git rev-parse --show-toplevel [2ms]
2024-03-16 16:01:51.190 [info] fatal: not a git repository (or any of the parent directories): .git
2024-03-16 16:04:05.671 [info] > git rev-parse --show-toplevel [2ms]
2024-03-16 16:04:05.671 [info] fatal: not a git repository (or any of the parent directories): .git
2024-03-16 16:12:55.405 [info] > git rev-parse --show-toplevel [2ms]
2024-03-16 16:12:55.405 [info] fatal: not a git repository (or any of the parent directories): .git
2024-03-16 16:13:55.025 [info] > git rev-parse --show-toplevel [2ms]
2024-03-16 16:13:55.025 [info] fatal: not a git repository (or any of the parent directories): .git
2024-03-16 16:13:59.086 [info] > git rev-parse --show-toplevel [3ms]
2024-03-16 16:13:59.086 [info] fatal: not a git repository (or any of the parent directories): .git
2024-03-16 16:15:59.201 [info] > git rev-parse --show-toplevel [1ms]
2024-03-16 16:15:59.201 [info] fatal: not a git repository (or any of the parent directories): .git
2024-03-16 16:41:23.549 [info] > git rev-parse --show-toplevel [2ms]
2024-03-16 16:41:23.550 [info] fatal: not a git repository (or any of the parent directories): .git
2024-03-16 16:44:40.527 [info] > git rev-parse --show-toplevel [2ms]
2024-03-16 16:44:40.527 [info] fatal: not a git repository (or any of the parent directories): .git
