2024-03-23 21:13:08.847 [info] Log level: Info
2024-03-23 21:13:08.847 [info] Validating found git in: "git"
2024-03-23 21:13:08.847 [info] Using git "2.25.1" from "git"
2024-03-23 21:13:08.847 [info] > git rev-parse --show-toplevel [49ms]
2024-03-23 21:13:08.847 [info] fatal: not a git repository (or any of the parent directories): .git
2024-03-23 21:13:08.847 [info] > git rev-parse --show-toplevel [6ms]
2024-03-23 21:13:08.847 [info] fatal: not a git repository (or any of the parent directories): .git
2024-03-23 21:13:08.847 [info] > git rev-parse --show-toplevel [6ms]
2024-03-23 21:13:08.847 [info] fatal: not a git repository (or any of the parent directories): .git
2024-03-23 21:13:08.847 [info] > git rev-parse --show-toplevel [3ms]
2024-03-23 21:13:08.847 [info] fatal: not a git repository (or any of the parent directories): .git
2024-03-23 21:13:08.893 [info] > git rev-parse --show-toplevel [39ms]
2024-03-23 21:13:08.893 [info] fatal: not a git repository (or any of the parent directories): .git
2024-03-23 21:13:08.904 [info] > git rev-parse --show-toplevel [5ms]
2024-03-23 21:13:08.904 [info] fatal: not a git repository (or any of the parent directories): .git
2024-03-23 21:13:08.911 [info] > git rev-parse --show-toplevel [2ms]
2024-03-23 21:13:08.911 [info] fatal: not a git repository (or any of the parent directories): .git
2024-03-23 21:13:08.918 [info] > git rev-parse --show-toplevel [2ms]
2024-03-23 21:13:08.918 [info] fatal: not a git repository (or any of the parent directories): .git
2024-03-23 21:13:08.937 [info] > git rev-parse --show-toplevel [13ms]
2024-03-23 21:13:08.944 [info] > git rev-parse --git-dir --git-common-dir [1ms]
2024-03-23 21:13:08.957 [info] Open repository: /home/CRV2/.nvm
2024-03-23 21:13:08.971 [info] > git rev-parse --show-toplevel [1ms]
2024-03-23 21:13:08.971 [info] fatal: not a git repository (or any of the parent directories): .git
2024-03-23 21:13:08.971 [info] > git config --get commit.template [7ms]
2024-03-23 21:13:09.003 [info] > git rev-parse --show-toplevel [13ms]
2024-03-23 21:13:09.003 [info] fatal: not a git repository (or any of the parent directories): .git
2024-03-23 21:13:09.014 [info] > git rev-parse --show-toplevel [4ms]
2024-03-23 21:13:09.014 [info] fatal: not a git repository (or any of the parent directories): .git
2024-03-23 21:13:09.024 [info] > git for-each-ref --format %(refname) %(objectname) %(*objectname) refs/tags [25ms]
2024-03-23 21:13:09.040 [info] > git rev-parse --show-toplevel [16ms]
2024-03-23 21:13:09.040 [info] fatal: not a git repository (or any of the parent directories): .git
2024-03-23 21:13:09.056 [info] > git rev-parse --show-toplevel [10ms]
2024-03-23 21:13:09.066 [info] > git rev-parse --git-dir --git-common-dir [3ms]
2024-03-23 21:13:09.072 [info] Open repository: /home/CRV2/my-react-app
2024-03-23 21:13:09.089 [info] > git config --get commit.template [1ms]
2024-03-23 21:13:09.099 [info] No remotes found in the git config file.
2024-03-23 21:13:09.100 [info] > git status -z -uall [62ms]
2024-03-23 21:13:09.136 [info] > git for-each-ref --format=%(refname)%00%(upstream:short)%00%(objectname)%00%(upstream:track)%00%(upstream:remotename)%00%(upstream:remoteref) refs/heads/master refs/remotes/master [37ms]
2024-03-23 21:13:09.143 [info] > git config --get commit.template [27ms]
2024-03-23 21:13:09.151 [info] > git for-each-ref --format %(refname) %(objectname) %(*objectname) refs/tags [3ms]
2024-03-23 21:13:09.158 [info] > git status -z -uall [16ms]
2024-03-23 21:13:09.173 [info] > git status -z -uall [17ms]
2024-03-23 21:13:09.179 [info] > git config --get commit.template [6ms]
2024-03-23 21:13:09.184 [info] No remotes found in the git config file.
2024-03-23 21:13:09.186 [info] > git for-each-ref --format=%(refname)%00%(upstream:short)%00%(objectname)%00%(upstream:track)%00%(upstream:remotename)%00%(upstream:remoteref) refs/heads/master refs/remotes/master [1ms]
2024-03-23 21:13:09.192 [info] > git status -z -uall [1ms]
2024-03-23 21:13:09.825 [info] > git check-ignore -v -z --stdin [23ms]
2024-03-23 21:13:09.828 [info] > git check-ignore -v -z --stdin [7ms]
2024-03-23 21:55:50.469 [info] > git rev-parse --show-toplevel [2ms]
2024-03-23 21:55:50.469 [info] fatal: not a git repository (or any of the parent directories): .git
2024-03-23 21:59:38.142 [info] > git check-ignore -v -z --stdin [2ms]
2024-03-23 22:00:26.509 [warning] ENOENT: no such file or directory, open '/home/CRV2/my-react-app/.git/HEAD'
2024-03-23 22:00:26.519 [warning] getRemotes() - ENOENT: no such file or directory, open '/home/CRV2/my-react-app/.git/config'
2024-03-23 22:00:26.531 [warning] ENOENT: no such file or directory, open '/home/CRV2/my-react-app/.git/HEAD'
2024-03-23 22:00:26.542 [warning] getRemotes() - ENOENT: no such file or directory, open '/home/CRV2/my-react-app/.git/config'
2024-03-23 22:00:27.221 [info] > git check-ignore -v -z --stdin [1ms]
2024-03-23 22:00:57.628 [info] > git rev-parse --show-toplevel [1ms]
2024-03-23 22:00:57.628 [info] fatal: not a git repository (or any of the parent directories): .git
2024-03-23 22:01:12.930 [info] > git rev-parse --show-toplevel [2ms]
2024-03-23 22:01:12.930 [info] fatal: not a git repository (or any of the parent directories): .git
2024-03-23 22:01:25.331 [warning] ENOENT: no such file or directory, open '/home/CRV2/.nvm/.git/HEAD'
2024-03-23 22:01:25.341 [warning] getRemotes() - ENOENT: no such file or directory, open '/home/CRV2/.nvm/.git/config'
2024-03-23 22:01:25.353 [warning] ENOENT: no such file or directory, open '/home/CRV2/.nvm/.git/HEAD'
2024-03-23 22:01:25.362 [warning] getRemotes() - ENOENT: no such file or directory, open '/home/CRV2/.nvm/.git/config'
2024-03-23 22:03:43.238 [info] > git rev-parse --show-toplevel [1ms]
2024-03-23 22:03:43.238 [info] fatal: not a git repository (or any of the parent directories): .git
2024-03-23 22:04:17.715 [info] > git rev-parse --show-toplevel [2ms]
2024-03-23 22:04:17.715 [info] fatal: not a git repository (or any of the parent directories): .git
2024-03-23 22:04:34.739 [info] > git rev-parse --show-toplevel [1ms]
2024-03-23 22:04:34.747 [info] > git rev-parse --git-dir --git-common-dir [1ms]
2024-03-23 22:04:34.752 [info] Open repository: /home/CRV2/tme6-7-8
2024-03-23 22:04:34.766 [info] No remotes found in the git config file.
2024-03-23 22:04:34.766 [info] > git config --get commit.template [9ms]
2024-03-23 22:04:34.767 [info] > git for-each-ref --format=%(refname)%00%(upstream:short)%00%(objectname)%00%(upstream:track)%00%(upstream:remotename)%00%(upstream:remoteref) refs/heads/master refs/remotes/master [2ms]
2024-03-23 22:04:34.767 [warning] No such branch: master.
2024-03-23 22:04:35.024 [info] > git status -z -uall [251ms]
2024-03-23 22:04:36.655 [info] > git config --get commit.template [34ms]
2024-03-23 22:04:36.657 [info] > git check-ignore -v -z --stdin [42ms]
2024-03-23 22:04:36.679 [info] No remotes found in the git config file.
2024-03-23 22:04:36.708 [info] > git for-each-ref --format=%(refname)%00%(upstream:short)%00%(objectname)%00%(upstream:track)%00%(upstream:remotename)%00%(upstream:remoteref) refs/heads/master refs/remotes/master [28ms]
2024-03-23 22:04:36.708 [warning] No such branch: master.
2024-03-23 22:04:36.880 [info] > git status -z -uall [162ms]
2024-03-23 22:04:38.116 [info] > git show --textconv :values.yml [9ms]
2024-03-23 22:04:38.118 [info] > git ls-files --stage -- /home/CRV2/tme6-7-8/values.yml [3ms]
2024-03-23 22:05:08.053 [info] > git config --get commit.template [2ms]
2024-03-23 22:05:08.063 [info] No remotes found in the git config file.
2024-03-23 22:05:08.065 [info] > git for-each-ref --format=%(refname)%00%(upstream:short)%00%(objectname)%00%(upstream:track)%00%(upstream:remotename)%00%(upstream:remoteref) refs/heads/master refs/remotes/master [3ms]
2024-03-23 22:05:08.065 [warning] No such branch: master.
2024-03-23 22:05:08.202 [info] > git status -z -uall [129ms]
2024-03-23 22:05:39.601 [info] No remotes found in the git config file.
2024-03-23 22:05:39.602 [info] > git for-each-ref --format=%(refname)%00%(upstream:short)%00%(objectname)%00%(upstream:track)%00%(upstream:remotename)%00%(upstream:remoteref) refs/heads/master refs/remotes/master [1ms]
2024-03-23 22:05:39.603 [warning] No such branch: master.
2024-03-23 22:05:39.603 [info] > git config --get commit.template [11ms]
2024-03-23 22:05:39.725 [info] > git status -z -uall [114ms]
2024-03-23 22:05:46.068 [info] No remotes found in the git config file.
2024-03-23 22:05:46.069 [info] > git for-each-ref --format=%(refname)%00%(upstream:short)%00%(objectname)%00%(upstream:track)%00%(upstream:remotename)%00%(upstream:remoteref) refs/heads/master refs/remotes/master [1ms]
2024-03-23 22:05:46.069 [warning] No such branch: master.
2024-03-23 22:05:46.070 [info] > git config --get commit.template [12ms]
2024-03-23 22:05:46.198 [info] > git status -z -uall [116ms]
2024-03-23 22:05:49.766 [info] > git check-ignore -v -z --stdin [1ms]
