2024-03-22 22:13:03.926 [info] Log level: Info
2024-03-22 22:13:03.926 [info] Validating found git in: "git"
2024-03-22 22:13:03.926 [info] Using git "2.25.1" from "git"
2024-03-22 22:13:03.926 [info] > git rev-parse --show-toplevel [3ms]
2024-03-22 22:13:03.926 [info] fatal: not a git repository (or any of the parent directories): .git
2024-03-22 22:13:03.926 [info] > git rev-parse --show-toplevel [3ms]
2024-03-22 22:13:03.926 [info] fatal: not a git repository (or any of the parent directories): .git
2024-03-22 22:13:03.926 [info] > git rev-parse --show-toplevel [1ms]
2024-03-22 22:13:03.926 [info] fatal: not a git repository (or any of the parent directories): .git
2024-03-22 22:13:03.926 [info] > git rev-parse --show-toplevel [2ms]
2024-03-22 22:13:03.926 [info] fatal: not a git repository (or any of the parent directories): .git
2024-03-22 22:13:03.926 [info] > git rev-parse --show-toplevel [1ms]
2024-03-22 22:13:03.926 [info] fatal: not a git repository (or any of the parent directories): .git
2024-03-22 22:13:03.926 [info] > git rev-parse --show-toplevel [1ms]
2024-03-22 22:13:03.926 [info] fatal: not a git repository (or any of the parent directories): .git
2024-03-22 22:13:03.926 [info] > git rev-parse --show-toplevel [1ms]
2024-03-22 22:13:03.926 [info] fatal: not a git repository (or any of the parent directories): .git
2024-03-22 22:13:03.926 [info] > git rev-parse --show-toplevel [1ms]
2024-03-22 22:13:03.926 [info] fatal: not a git repository (or any of the parent directories): .git
2024-03-22 22:13:03.926 [info] > git rev-parse --show-toplevel [1ms]
2024-03-22 22:13:03.926 [info] > git rev-parse --git-dir --git-common-dir [1ms]
2024-03-22 22:13:03.926 [info] Open repository: /home/CRV2/.nvm
2024-03-22 22:13:03.926 [info] > git config --get commit.template [6ms]
2024-03-22 22:13:03.926 [info] > git rev-parse --show-toplevel [2ms]
2024-03-22 22:13:03.926 [info] fatal: not a git repository (or any of the parent directories): .git
2024-03-22 22:13:03.926 [info] > git for-each-ref --format %(refname) %(objectname) %(*objectname) refs/tags [8ms]
2024-03-22 22:13:03.926 [info] > git rev-parse --show-toplevel [8ms]
2024-03-22 22:13:03.926 [info] fatal: not a git repository (or any of the parent directories): .git
2024-03-22 22:13:03.926 [info] > git status -z -uall [7ms]
2024-03-22 22:13:03.926 [info] > git rev-parse --show-toplevel [17ms]
2024-03-22 22:13:03.926 [info] fatal: not a git repository (or any of the parent directories): .git
2024-03-22 22:13:03.926 [info] > git config --get commit.template [25ms]
2024-03-22 22:13:03.926 [info] > git rev-parse --show-toplevel [7ms]
2024-03-22 22:13:03.926 [info] fatal: not a git repository (or any of the parent directories): .git
2024-03-22 22:13:03.926 [info] > git for-each-ref --format %(refname) %(objectname) %(*objectname) refs/tags [21ms]
2024-03-22 22:13:03.926 [info] > git rev-parse --show-toplevel [24ms]
2024-03-22 22:13:03.926 [info] > git status -z -uall [8ms]
2024-03-22 22:13:03.926 [info] > git rev-parse --git-dir --git-common-dir [5ms]
2024-03-22 22:13:03.926 [info] Open repository: /home/CRV2/my-react-app
2024-03-22 22:13:03.926 [info] No remotes found in the git config file.
2024-03-22 22:13:03.926 [info] > git config --get commit.template [22ms]
2024-03-22 22:13:03.926 [info] > git for-each-ref --format=%(refname)%00%(upstream:short)%00%(objectname)%00%(upstream:track)%00%(upstream:remotename)%00%(upstream:remoteref) refs/heads/master refs/remotes/master [23ms]
2024-03-22 22:13:03.926 [info] > git rev-parse --show-toplevel [7ms]
2024-03-22 22:13:03.926 [info] fatal: not a git repository (or any of the parent directories): .git
2024-03-22 22:13:03.926 [info] > git status -z -uall [2ms]
2024-03-22 22:13:03.926 [info] No remotes found in the git config file.
2024-03-22 22:13:03.926 [info] > git config --get commit.template [10ms]
2024-03-22 22:13:03.926 [info] > git for-each-ref --format=%(refname)%00%(upstream:short)%00%(objectname)%00%(upstream:track)%00%(upstream:remotename)%00%(upstream:remoteref) refs/heads/master refs/remotes/master [2ms]
2024-03-22 22:13:03.926 [info] > git status -z -uall [1ms]
2024-03-22 22:13:03.926 [info] > git rev-parse --show-toplevel [2ms]
2024-03-22 22:13:03.926 [info] fatal: not a git repository (or any of the parent directories): .git
2024-03-22 22:13:03.926 [info] > git rev-parse --show-toplevel [2ms]
2024-03-22 22:13:03.926 [info] fatal: not a git repository (or any of the parent directories): .git
2024-03-22 22:13:03.926 [info] > git rev-parse --show-toplevel [2ms]
2024-03-22 22:13:03.926 [info] fatal: not a git repository (or any of the parent directories): .git
2024-03-22 22:13:04.511 [info] > git check-ignore -v -z --stdin [10ms]
2024-03-22 22:13:04.514 [info] > git check-ignore -v -z --stdin [4ms]
