2024-03-19 22:43:08.434 [info] Log level: Info
2024-03-19 22:43:08.435 [info] Validating found git in: "git"
2024-03-19 22:43:08.435 [info] Using git "2.25.1" from "git"
2024-03-19 22:43:08.435 [info] > git rev-parse --show-toplevel [53ms]
2024-03-19 22:43:08.435 [info] fatal: not a git repository (or any of the parent directories): .git
2024-03-19 22:43:08.471 [info] > git rev-parse --show-toplevel [36ms]
2024-03-19 22:43:08.480 [info] > git rev-parse --git-dir --git-common-dir [2ms]
2024-03-19 22:43:08.500 [info] Open repository: /home/CRV2/my-react-app
2024-03-19 22:43:08.559 [info] > git rev-parse --show-toplevel [2ms]
2024-03-19 22:43:08.559 [info] fatal: not a git repository (or any of the parent directories): .git
2024-03-19 22:43:08.559 [info] > git config --get commit.template [10ms]
2024-03-19 22:43:08.571 [info] No remotes found in the git config file.
2024-03-19 22:43:08.577 [info] > git rev-parse --show-toplevel [13ms]
2024-03-19 22:43:08.577 [info] fatal: not a git repository (or any of the parent directories): .git
2024-03-19 22:43:08.584 [info] > git for-each-ref --format=%(refname)%00%(upstream:short)%00%(objectname)%00%(upstream:track)%00%(upstream:remotename)%00%(upstream:remoteref) refs/heads/master refs/remotes/master [13ms]
2024-03-19 22:43:08.593 [info] > git rev-parse --show-toplevel [11ms]
2024-03-19 22:43:08.593 [info] fatal: not a git repository (or any of the parent directories): .git
2024-03-19 22:43:08.600 [info] > git rev-parse --show-toplevel [2ms]
2024-03-19 22:43:08.600 [info] fatal: not a git repository (or any of the parent directories): .git
2024-03-19 22:43:08.623 [info] > git status -z -uall [32ms]
2024-03-19 22:43:08.642 [info] > git rev-parse --show-toplevel [22ms]
2024-03-19 22:43:08.664 [info] > git rev-parse --git-dir --git-common-dir [3ms]
2024-03-19 22:43:08.670 [info] Open repository: /home/CRV2/.nvm
2024-03-19 22:43:08.672 [info] > git config --get commit.template [23ms]
2024-03-19 22:43:08.696 [info] No remotes found in the git config file.
2024-03-19 22:43:08.697 [info] > git config --get commit.template [12ms]
2024-03-19 22:43:08.698 [info] > git for-each-ref --format=%(refname)%00%(upstream:short)%00%(objectname)%00%(upstream:track)%00%(upstream:remotename)%00%(upstream:remoteref) refs/heads/master refs/remotes/master [2ms]
2024-03-19 22:43:08.714 [info] > git rev-parse --show-toplevel [24ms]
2024-03-19 22:43:08.715 [info] fatal: not a git repository (or any of the parent directories): .git
2024-03-19 22:43:08.744 [info] > git status -z -uall [30ms]
2024-03-19 22:43:08.747 [info] > git rev-parse --show-toplevel [20ms]
2024-03-19 22:43:08.747 [info] fatal: not a git repository (or any of the parent directories): .git
2024-03-19 22:43:08.755 [info] > git for-each-ref --format %(refname) %(objectname) %(*objectname) refs/tags [33ms]
2024-03-19 22:43:08.761 [info] > git rev-parse --show-toplevel [8ms]
2024-03-19 22:43:08.761 [info] fatal: not a git repository (or any of the parent directories): .git
2024-03-19 22:43:08.776 [info] > git rev-parse --show-toplevel [8ms]
2024-03-19 22:43:08.776 [info] fatal: not a git repository (or any of the parent directories): .git
2024-03-19 22:43:08.963 [info] > git status -z -uall [203ms]
2024-03-19 22:43:09.002 [info] > git config --get commit.template [10ms]
2024-03-19 22:43:09.013 [info] > git for-each-ref --format %(refname) %(objectname) %(*objectname) refs/tags [12ms]
2024-03-19 22:43:09.027 [info] > git status -z -uall [7ms]
2024-03-19 22:43:09.290 [info] > git check-ignore -v -z --stdin [10ms]
2024-03-19 22:43:09.305 [info] > git check-ignore -v -z --stdin [18ms]
2024-03-19 22:43:09.306 [info] > git show --textconv :Dockerfile [8ms]
2024-03-19 22:43:09.307 [info] > git ls-files --stage -- /home/CRV2/my-react-app/Dockerfile [3ms]
2024-03-19 22:47:32.964 [info] > git rev-parse --show-toplevel [2ms]
2024-03-19 22:47:32.964 [info] fatal: not a git repository (or any of the parent directories): .git
