*
* Visual Studio Code Server
*
* By using the software, you agree to
* the Visual Studio Code Server License Terms (https://aka.ms/vscode-server-license) and
* the Microsoft Privacy Statement (https://privacy.microsoft.com/en-US/privacystatement).
*
Server bound to 127.0.0.1:40459 (IPv4)
Extension host agent listening on 40459

[21:13:05] 




[21:13:05] Extension host agent started.
[21:13:05] [127.0.0.1][de2be7c0][ManagementConnection] New connection established.
[21:13:05] [127.0.0.1][275a1966][ExtensionHostConnection] New connection established.
[21:13:05] [127.0.0.1][275a1966][ExtensionHostConnection] <5599> Launched Extension Host Process.
rejected promise not handled within 1 second: CodeExpectedError: Could not find pty on pty host
stack trace: CodeExpectedError: Could not find pty on pty host
    at D.U (/home/CRV2/.vscode-server/bin/863d2581ecda6849923a2118d93a088b0745d9d6/out/vs/platform/terminal/node/ptyHostMain.js:43:32578)
    at D.updateTitle (/home/CRV2/.vscode-server/bin/863d2581ecda6849923a2118d93a088b0745d9d6/out/vs/platform/terminal/node/ptyHostMain.js:43:27710)
    at T.<computed> (/home/CRV2/.vscode-server/bin/863d2581ecda6849923a2118d93a088b0745d9d6/out/vs/platform/terminal/node/ptyHostMain.js:43:22925)
    at Object.call (/home/CRV2/.vscode-server/bin/863d2581ecda6849923a2118d93a088b0745d9d6/out/vs/platform/terminal/node/ptyHostMain.js:34:5061)
    at u.s (/home/CRV2/.vscode-server/bin/863d2581ecda6849923a2118d93a088b0745d9d6/out/vs/platform/terminal/node/ptyHostMain.js:32:5165)
    at u.q (/home/CRV2/.vscode-server/bin/863d2581ecda6849923a2118d93a088b0745d9d6/out/vs/platform/terminal/node/ptyHostMain.js:32:4667)
    at l.value (/home/CRV2/.vscode-server/bin/863d2581ecda6849923a2118d93a088b0745d9d6/out/vs/platform/terminal/node/ptyHostMain.js:32:4065)
    at m.y (/home/CRV2/.vscode-server/bin/863d2581ecda6849923a2118d93a088b0745d9d6/out/vs/platform/terminal/node/ptyHostMain.js:27:1906)
    at m.fire (/home/CRV2/.vscode-server/bin/863d2581ecda6849923a2118d93a088b0745d9d6/out/vs/platform/terminal/node/ptyHostMain.js:27:2123)
    at process._ (/home/CRV2/.vscode-server/bin/863d2581ecda6849923a2118d93a088b0745d9d6/out/vs/platform/terminal/node/ptyHostMain.js:25:10025)
    at process.emit (node:events:514:28)
    at emit (node:internal/child_process:937:14)
    at process.processTicksAndRejections (node:internal/process/task_queues:83:21)
[21:13:07] Error [CodeExpectedError]: Could not find pty on pty host
    at D.U (/home/CRV2/.vscode-server/bin/863d2581ecda6849923a2118d93a088b0745d9d6/out/vs/platform/terminal/node/ptyHostMain.js:43:32578)
    at D.updateTitle (/home/CRV2/.vscode-server/bin/863d2581ecda6849923a2118d93a088b0745d9d6/out/vs/platform/terminal/node/ptyHostMain.js:43:27710)
    at T.<computed> (/home/CRV2/.vscode-server/bin/863d2581ecda6849923a2118d93a088b0745d9d6/out/vs/platform/terminal/node/ptyHostMain.js:43:22925)
    at Object.call (/home/CRV2/.vscode-server/bin/863d2581ecda6849923a2118d93a088b0745d9d6/out/vs/platform/terminal/node/ptyHostMain.js:34:5061)
    at u.s (/home/CRV2/.vscode-server/bin/863d2581ecda6849923a2118d93a088b0745d9d6/out/vs/platform/terminal/node/ptyHostMain.js:32:5165)
    at u.q (/home/CRV2/.vscode-server/bin/863d2581ecda6849923a2118d93a088b0745d9d6/out/vs/platform/terminal/node/ptyHostMain.js:32:4667)
    at l.value (/home/CRV2/.vscode-server/bin/863d2581ecda6849923a2118d93a088b0745d9d6/out/vs/platform/terminal/node/ptyHostMain.js:32:4065)
    at m.y (/home/CRV2/.vscode-server/bin/863d2581ecda6849923a2118d93a088b0745d9d6/out/vs/platform/terminal/node/ptyHostMain.js:27:1906)
    at m.fire (/home/CRV2/.vscode-server/bin/863d2581ecda6849923a2118d93a088b0745d9d6/out/vs/platform/terminal/node/ptyHostMain.js:27:2123)
    at process._ (/home/CRV2/.vscode-server/bin/863d2581ecda6849923a2118d93a088b0745d9d6/out/vs/platform/terminal/node/ptyHostMain.js:25:10025)
    at process.emit (node:events:514:28)
    at emit (node:internal/child_process:937:14)
    at process.processTicksAndRejections (node:internal/process/task_queues:83:21)
New EH opened, aborting shutdown
[21:18:05] New EH opened, aborting shutdown
[22:03:07] Started initializing default profile extensions in extensions installation folder. file:///home/CRV2/.vscode-server/extensions
[22:03:07] B [Error]: Unable to resolve nonexistent file '/home/CRV2/.vscode-server/extensions'
    at u.resolve (/home/CRV2/.vscode-server/bin/863d2581ecda6849923a2118d93a088b0745d9d6/out/vs/server/node/server.main.js:117:13807)
    at async de.n (/home/CRV2/.vscode-server/bin/863d2581ecda6849923a2118d93a088b0745d9d6/out/vs/server/node/server.main.js:169:54337)
    at async de.scanExtensions (/home/CRV2/.vscode-server/bin/863d2581ecda6849923a2118d93a088b0745d9d6/out/vs/server/node/server.main.js:169:54108)
    at async m.scanUserExtensions (/home/CRV2/.vscode-server/bin/863d2581ecda6849923a2118d93a088b0745d9d6/out/vs/server/node/server.main.js:169:46985)
    at async /home/CRV2/.vscode-server/bin/863d2581ecda6849923a2118d93a088b0745d9d6/out/vs/server/node/server.main.js:169:49010
    at async m.scanUserExtensions (/home/CRV2/.vscode-server/bin/863d2581ecda6849923a2118d93a088b0745d9d6/out/vs/server/node/server.main.js:169:47082)
    at async K.scanExtensions (/home/CRV2/.vscode-server/bin/863d2581ecda6849923a2118d93a088b0745d9d6/out/vs/server/node/server.main.js:169:72534)
    at async d.call (/home/CRV2/.vscode-server/bin/863d2581ecda6849923a2118d93a088b0745d9d6/out/vs/server/node/server.main.js:112:22799) {
  fileOperationResult: 1,
  options: undefined
}
